2014-05-21 08:43:45.587 IntraChat[2782:70b] Multi-tasking -> Device: YES, App: YES
2014-05-21 08:43:45.683 IntraChat[2782:70b] Unlimited access to network resources
2014-05-21 08:43:49.075 IntraChat[2782:70b] Resetting plugins due to page load.
2014-05-21 08:43:49.913 IntraChat[2782:70b] Finished load of: file:///Users/rreghin/Library/Application%20Support/iPhone%20Simulator/7.1/Applications/71C06F24-5C10-49A9-A0D5-AAD009F0D985/IntraChat.app/www/index.html
2014-05-21 08:53:58.489 IntraChat[5710:70b] Multi-tasking -> Device: YES, App: YES
2014-05-21 08:53:58.607 IntraChat[5710:70b] Unlimited access to network resources
2014-05-21 08:53:59.276 IntraChat[5710:70b] Resetting plugins due to page load.
2014-05-21 08:53:59.613 IntraChat[5710:70b] Finished load of: file:///Users/rreghin/Library/Application%20Support/iPhone%20Simulator/7.1/Applications/71C06F24-5C10-49A9-A0D5-AAD009F0D985/IntraChat.app/www/index.html
2014-05-21 16:05:04.855 IntraChat[8385:70b] Multi-tasking -> Device: YES, App: YES
2014-05-21 16:05:05.275 IntraChat[8385:70b] Unlimited access to network resources
2014-05-21 16:05:08.085 IntraChat[8385:70b] Resetting plugins due to page load.
2014-05-21 16:05:08.782 IntraChat[8385:70b] setting movie path: 
2014-05-21 16:05:08.787 IntraChat[8385:70b] Finished load of: file:///Users/rreghin/Library/Application%20Support/iPhone%20Simulator/7.1/Applications/71C06F24-5C10-49A9-A0D5-AAD009F0D985/IntraChat.app/www/index.html
2014-05-21 16:06:35.688 IntraChat[8515:70b] Multi-tasking -> Device: YES, App: YES
2014-05-21 16:06:35.696 IntraChat[8515:70b] Unlimited access to network resources
2014-05-21 16:06:35.867 IntraChat[8515:70b] Resetting plugins due to page load.
2014-05-21 16:06:35.944 IntraChat[8515:70b] setting movie path: 
2014-05-21 16:06:35.949 IntraChat[8515:70b] Finished load of: file:///Users/rreghin/Library/Application%20Support/iPhone%20Simulator/7.1/Applications/1829A071-6F97-42EE-A732-E1075B7A6929/IntraChat.app/www/index.html
2014-05-21 16:08:16.685 IntraChat[8732:70b] Multi-tasking -> Device: YES, App: YES
2014-05-21 16:08:16.692 IntraChat[8732:70b] Unlimited access to network resources
2014-05-21 16:08:16.827 IntraChat[8732:70b] Resetting plugins due to page load.
2014-05-21 16:08:16.906 IntraChat[8732:70b] setting movie path: 
2014-05-21 16:08:16.913 IntraChat[8732:70b] Finished load of: file:///Users/rreghin/Library/Application%20Support/iPhone%20Simulator/7.1/Applications/1829A071-6F97-42EE-A732-E1075B7A6929/IntraChat.app/www/index.html
